Arguments: 
  /Users/abhilas.mohanty/.nvm/versions/node/v14.18.3/bin/node /opt/homebrew/Cellar/yarn/1.22.18/libexec/bin/yarn.js install

PATH: 
  /Users/abhilas.mohanty/.nvm/versions/node/v14.18.3/bin:/opt/homebrew/bin:/opt/homebrew/sbin:/usr/local/bin:/usr/bin:/bin:/usr/sbin:/sbin

Yarn version: 
  1.22.18

Node version: 
  14.18.3

Platform: 
  darwin x64

Trace: 
  SyntaxError: /Users/abhilas.mohanty/Documents/React/react-learning-project-1/package.json: Unexpected token } in JSON at position 708
      at JSON.parse (<anonymous>)
      at /opt/homebrew/Cellar/yarn/1.22.18/libexec/lib/cli.js:1625:59
      at Generator.next (<anonymous>)
      at step (/opt/homebrew/Cellar/yarn/1.22.18/libexec/lib/cli.js:310:30)
      at /opt/homebrew/Cellar/yarn/1.22.18/libexec/lib/cli.js:321:13

npm manifest: 
  {
    "name": "react-learning-project-1",
    "version": "0.1.0",
    "private": true,
    "dependencies": {
      "@testing-library/jest-dom": "^5.16.4",
      "@testing-library/react": "^13.3.0",
      "@testing-library/user-event": "^13.5.0",
      "@types/jest": "^27.5.2",
      "@types/node": "^16.11.43",
      "@types/react": "^18.0.14",
      "@types/react-dom": "^18.0.6",
      "react": "^18.2.0",
      "react-dom": "^18.2.0",
      "react-scripts": "5.0.1",
      "typescript": "^4.7.4",
      "web-vitals": "^2.1.4"
    },
    "devDependencies": {
      "sass": "^1.32.8",
      "stylelint": "^13.7.2",
      "stylelint-config-prettier": "^8.0.2",
      "stylelint-config-sass-guidelines": "^7.1.0",
      "stylelint-prettier": "^1.1.2",
    },
    "scripts": {
      "start": "react-scripts start",
      "build": "react-scripts build",
      "test": "react-scripts test",
      "eject": "react-scripts eject"
    },
    "eslintConfig": {
      "extends": [
        "react-app",
        "react-app/jest"
      ]
    },
    "browserslist": {
      "production": [
        ">0.2%",
        "not dead",
        "not op_mini all"
      ],
      "development": [
        "last 1 chrome version",
        "last 1 firefox version",
        "last 1 safari version"
      ]
    }
  }

yarn manifest: 
  No manifest

Lockfile: 
  No lockfile
